<?xml version="1.0" encoding="UTF-8"?>
<testng-results ignored="0" total="1" passed="1" failed="0" skipped="0">
  <reporter-output>
  </reporter-output>
  <suite started-at="2025-01-23T12:39:35 IST" name="Default suite" finished-at="2025-01-23T12:39:45 IST" duration-ms="10127">
    <groups>
    </groups>
    <test started-at="2025-01-23T12:39:35 IST" name="Default test" finished-at="2025-01-23T12:39:45 IST" duration-ms="10127">
      <class name="extentReport.DWSExtentReportAssign">
        <test-method signature="demoWeb()[pri:0, instance:extentReport.DWSExtentReportAssign@f6efaab]" started-at="2025-01-23T12:39:35 IST" name="demoWeb" finished-at="2025-01-23T12:39:45 IST" duration-ms="10042" status="PASS">
          <reporter-output>
          </reporter-output>
        </test-method> <!-- demoWeb -->
      </class> <!-- extentReport.DWSExtentReportAssign -->
    </test> <!-- Default test -->
  </suite> <!-- Default suite -->
</testng-results>
